  main.cpp
C:\Users\natas\source\repos\COMP1001report\COMP1001-master\23_24_coursework\Report\question3\VS\code_to_start\3bc\3bc\main.cpp(42,30): warning C4838: conversion from 'unsigned int' to 'unsigned char' requires a narrowing conversion
C:\Users\natas\source\repos\COMP1001report\COMP1001-master\23_24_coursework\Report\question3\VS\code_to_start\3bc\3bc\main.cpp(43,28): warning C4838: conversion from 'unsigned int' to 'unsigned char' requires a narrowing conversion
C:\Users\natas\source\repos\COMP1001report\COMP1001-master\23_24_coursework\Report\question3\VS\code_to_start\3bc\3bc\main.cpp(44,32): warning C4838: conversion from 'unsigned int' to 'unsigned char' requires a narrowing conversion
C:\Users\natas\source\repos\COMP1001report\COMP1001-master\23_24_coursework\Report\question3\VS\code_to_start\3bc\3bc\main.cpp(134,20): warning C4018: '<': signed/unsigned mismatch
C:\Users\natas\source\repos\COMP1001report\COMP1001-master\23_24_coursework\Report\question3\VS\code_to_start\3bc\3bc\main.cpp(135,21): warning C4018: '<': signed/unsigned mismatch
C:\Users\natas\source\repos\COMP1001report\COMP1001-master\23_24_coursework\Report\question3\VS\code_to_start\3bc\3bc\main.cpp(140,52): warning C4018: '>=': signed/unsigned mismatch
C:\Users\natas\source\repos\COMP1001report\COMP1001-master\23_24_coursework\Report\question3\VS\code_to_start\3bc\3bc\main.cpp(140,103): warning C4018: '>=': signed/unsigned mismatch
C:\Users\natas\source\repos\COMP1001report\COMP1001-master\23_24_coursework\Report\question3\VS\code_to_start\3bc\3bc\main.cpp(163,20): warning C4018: '<': signed/unsigned mismatch
C:\Users\natas\source\repos\COMP1001report\COMP1001-master\23_24_coursework\Report\question3\VS\code_to_start\3bc\3bc\main.cpp(164,21): warning C4018: '<': signed/unsigned mismatch
C:\Users\natas\source\repos\COMP1001report\COMP1001-master\23_24_coursework\Report\question3\VS\code_to_start\3bc\3bc\main.cpp(205,17): warning C4018: '<': signed/unsigned mismatch
C:\Users\natas\source\repos\COMP1001report\COMP1001-master\23_24_coursework\Report\question3\VS\code_to_start\3bc\3bc\main.cpp(206,18): warning C4018: '<': signed/unsigned mismatch
C:\Users\natas\source\repos\COMP1001report\COMP1001-master\23_24_coursework\Report\question3\VS\code_to_start\3bc\3bc\main.cpp(217,17): warning C4018: '<': signed/unsigned mismatch
C:\Users\natas\source\repos\COMP1001report\COMP1001-master\23_24_coursework\Report\question3\VS\code_to_start\3bc\3bc\main.cpp(218,18): warning C4018: '<': signed/unsigned mismatch
C:\Users\natas\source\repos\COMP1001report\COMP1001-master\23_24_coursework\Report\question3\VS\code_to_start\3bc\3bc\main.cpp(220,38): warning C4474: 'fscanf_s' : too many arguments passed for format string
  C:\Users\natas\source\repos\COMP1001report\COMP1001-master\23_24_coursework\Report\question3\VS\code_to_start\3bc\3bc\main.cpp(220,38):
  placeholders and their parameters expect 1 variadic arguments, but 2 were provided
  
C:\Users\natas\source\repos\COMP1001report\COMP1001-master\23_24_coursework\Report\question3\VS\code_to_start\3bc\3bc\main.cpp(193,6): warning C4101: 'c': unreferenced local variable
C:\Users\natas\source\repos\COMP1001report\COMP1001-master\23_24_coursework\Report\question3\VS\code_to_start\3bc\3bc\main.cpp(258,16): warning C4018: '<': signed/unsigned mismatch
C:\Users\natas\source\repos\COMP1001report\COMP1001-master\23_24_coursework\Report\question3\VS\code_to_start\3bc\3bc\main.cpp(259,17): warning C4018: '<': signed/unsigned mismatch
  3bc.vcxproj -> C:\Users\natas\source\repos\COMP1001report\COMP1001-master\23_24_coursework\Report\question3\VS\code_to_start\3bc\x64\Debug\3bc.exe
